2025-08-13 15:32:10,809 - INFO - DRY RUN MODE - No actual checking will be performed
2025-08-13 15:32:10,809 - INFO - ====== WebDriver manager ======
2025-08-13 15:32:11,047 - INFO - Get LATEST chromedriver version for google-chrome
2025-08-13 15:32:11,132 - INFO - Get LATEST chromedriver version for google-chrome
2025-08-13 15:32:11,161 - INFO - Driver [/Users/vinayak/.wdm/drivers/chromedriver/mac64/139.0.7258.68/chromedriver-mac-arm64/chromedriver] found in cache
2025-08-13 15:32:11,169 - INFO - Loaded 2020 existing addresses from results.csv
2025-08-13 15:32:11,169 - INFO - Fetching addresses from Melbourne CBD...
2025-08-13 15:32:14,318 - INFO - Found 10 addresses in Melbourne CBD
2025-08-13 15:32:14,318 - INFO - Would check 10 addresses
2025-08-13 15:32:14,318 - INFO -   1. 270 Flinders Street VIC
2025-08-13 15:32:14,318 - INFO -   2. 267 Flinders Lane VIC 3000
2025-08-13 15:32:14,318 - INFO -   3. 205 Collins Street VIC
2025-08-13 15:32:14,318 - INFO -   4. 471 Little Bourke Street Melbourne VIC 3000
2025-08-13 15:32:14,318 - INFO -   5. 630 Little Collins Street Melbourne VIC 3000
2025-08-13 15:32:14,318 - INFO -   6. 287 King Street VIC
2025-08-13 15:32:14,318 - INFO -   7. 600 Little Bourke Street Melbourne VIC 3000
2025-08-13 15:32:14,318 - INFO -   8. 197-199 King Street Melbourne VIC 3000
2025-08-13 15:32:14,318 - INFO -   9. 270 Collins Street VIC
2025-08-13 15:32:14,318 - INFO -   10. 195 Swanston Street Melbourne VIC 3000
2025-08-13 15:32:29,746 - INFO - ====== WebDriver manager ======
2025-08-13 15:32:29,880 - INFO - Get LATEST chromedriver version for google-chrome
2025-08-13 15:32:29,931 - INFO - Get LATEST chromedriver version for google-chrome
2025-08-13 15:32:29,989 - INFO - Driver [/Users/vinayak/.wdm/drivers/chromedriver/mac64/139.0.7258.68/chromedriver-mac-arm64/chromedriver] found in cache
2025-08-13 15:32:29,996 - INFO - Loaded 2020 existing addresses from results.csv
2025-08-13 15:32:29,996 - INFO - Starting bulk 5G availability check for Melbourne CBD
2025-08-13 15:32:29,996 - INFO - Using 2 workers, limit: 5 addresses
2025-08-13 15:32:29,996 - INFO - Fetching addresses from Melbourne CBD...
2025-08-13 15:32:33,256 - INFO - Found 5 addresses in Melbourne CBD
2025-08-13 15:32:33,256 - INFO - All addresses have already been checked
2025-08-13 15:32:51,899 - INFO - ====== WebDriver manager ======
2025-08-13 15:32:52,030 - INFO - Get LATEST chromedriver version for google-chrome
2025-08-13 15:32:52,069 - INFO - Get LATEST chromedriver version for google-chrome
2025-08-13 15:32:52,100 - INFO - Driver [/Users/vinayak/.wdm/drivers/chromedriver/mac64/139.0.7258.68/chromedriver-mac-arm64/chromedriver] found in cache
2025-08-13 15:32:52,107 - INFO - Loaded 2020 existing addresses from results.csv
2025-08-13 15:32:52,107 - INFO - Starting bulk 5G availability check for Melbourne CBD
2025-08-13 15:32:52,107 - INFO - Using 2 workers, limit: 50 addresses
2025-08-13 15:32:52,107 - INFO - Fetching addresses from Melbourne CBD...
2025-08-13 15:32:57,771 - INFO - Found 50 addresses in Melbourne CBD
2025-08-13 15:32:57,771 - INFO - Checking 28 new addresses
2025-08-13 15:32:57,771 - INFO - Checking: 1 Riverside Quay VIC
2025-08-13 15:32:57,772 - INFO - Checking: 2 Lygon Street VIC 3053
2025-08-13 15:33:37,002 - INFO - + 2 Lygon Street VIC 3053: Not available (39.229s)
2025-08-13 15:33:37,003 - INFO - Checking: 8 Whiteman Street Southbank VIC 3006
2025-08-13 15:33:38,232 - INFO - + 1 Riverside Quay VIC: Not available (40.46s)
2025-08-13 15:33:38,232 - INFO - Checking: 211 Flinders Street Melbourne VIC 3000
2025-08-13 15:33:49,452 - INFO - + 8 Whiteman Street Southbank VIC 3006: Available (12.448s)
2025-08-13 15:33:49,452 - INFO - Checking: 148 Gertrude Street VIC
2025-08-13 15:34:01,327 - INFO - + 148 Gertrude Street VIC: Available (11.874s)
2025-08-13 15:34:01,327 - INFO - Checking: 670 Bourke Street VIC
2025-08-13 15:34:13,846 - INFO - + 670 Bourke Street VIC: Available (12.518s)
2025-08-13 15:34:13,847 - INFO - Checking: 629 Bourke Street VIC
2025-08-13 15:34:16,276 - INFO - + 211 Flinders Street Melbourne VIC 3000: Not available (38.043s)
2025-08-13 15:34:16,276 - INFO - Checking: 20-30 Bourke Street Melbourne VIC 3000
2025-08-13 15:34:51,824 - INFO - + 629 Bourke Street VIC: Not available (37.977s)
2025-08-13 15:34:51,824 - INFO - Checking: 127 Russell Street Melbourne VIC 3000
2025-08-13 15:34:54,204 - INFO - + 20-30 Bourke Street Melbourne VIC 3000: Not available (37.927s)
2025-08-13 15:34:54,204 - INFO - Checking: 8 Whiteman Street VIC
2025-08-13 15:35:30,077 - INFO - + 127 Russell Street Melbourne VIC 3000: Not available (38.252s)
2025-08-13 15:35:30,077 - INFO - Checking: 33,35,37 Swanston Street Melbourne VIC 3000
2025-08-13 15:35:32,280 - INFO - + 8 Whiteman Street VIC: Not available (38.075s)
2025-08-13 15:35:32,280 - INFO - Checking: 37 Swanston Street Melbourne VIC 3000
2025-08-13 15:35:42,704 - INFO - + 33,35,37 Swanston Street Melbourne VIC 3000: Available (12.627s)
2025-08-13 15:35:42,704 - INFO - Checking: 224 Flinders Street Melbourne VIC 3000
2025-08-13 15:36:10,726 - INFO - + 37 Swanston Street Melbourne VIC 3000: Not available (38.446s)
2025-08-13 15:36:10,727 - INFO - Checking: 238 Flinders Street Melbourne VIC 3000
2025-08-13 15:36:20,404 - INFO - + 224 Flinders Street Melbourne VIC 3000: Not available (37.698s)
2025-08-13 15:36:20,404 - INFO - Checking: 28-32 Elizabeth Street Melbourne VIC 3000
2025-08-13 15:36:48,144 - INFO - + 238 Flinders Street Melbourne VIC 3000: Not available (37.417s)
2025-08-13 15:36:48,144 - INFO - Checking: 276 Flinders Street VIC
2025-08-13 15:36:57,913 - INFO - + 28-32 Elizabeth Street Melbourne VIC 3000: Not available (37.509s)
2025-08-13 15:36:57,914 - INFO - Checking: 250 Flinders Street Melbourne VIC 3000
2025-08-13 15:37:00,153 - INFO - + 276 Flinders Street VIC: Available (12.009s)
2025-08-13 15:37:00,154 - INFO - Checking: 238b Flinders Street Melbourne VIC 3000
2025-08-13 15:37:30,031 - INFO - + 250 Flinders Street Melbourne VIC 3000: Not available (32.117s)
2025-08-13 15:37:30,031 - INFO - Checking: 244 Flinders Street Melbourne VIC 3000
2025-08-13 15:37:37,542 - INFO - + 238b Flinders Street Melbourne VIC 3000: Not available (37.388s)
2025-08-13 15:37:37,543 - INFO - Checking: 276 Flinders Street Melbourne VIC 3000
2025-08-13 15:38:07,183 - INFO - + 244 Flinders Street Melbourne VIC 3000: Not available (37.151s)
2025-08-13 15:38:07,183 - INFO - Checking: 172 Flinders Street VIC
2025-08-13 15:38:15,368 - INFO - + 276 Flinders Street Melbourne VIC 3000: Not available (37.824s)
2025-08-13 15:38:15,369 - INFO - Checking: 161 Flinders Lane Melbourne VIC 3000
2025-08-13 15:38:27,766 - INFO - + 161 Flinders Lane Melbourne VIC 3000: Available (12.396s)
2025-08-13 15:38:27,767 - INFO - Checking: 165 Flinders Lane Melbourne VIC 3000
2025-08-13 15:38:40,113 - INFO - + 165 Flinders Lane Melbourne VIC 3000: Available (12.345s)
2025-08-13 15:38:40,113 - INFO - Checking: 333 Swanston Street Melbourne VIC 3000
2025-08-13 15:38:44,462 - INFO - + 172 Flinders Street VIC: Not available (37.279s)
2025-08-13 15:38:44,463 - INFO - Checking: 150 Flinders Lane Melbourne VIC 3000
2025-08-13 15:38:56,645 - INFO - + 150 Flinders Lane Melbourne VIC 3000: Available (12.181s)
2025-08-13 15:38:56,645 - INFO - Checking: 228 Flinders Lane VIC
2025-08-13 15:39:17,653 - INFO - + 333 Swanston Street Melbourne VIC 3000: Not available (37.539s)
2025-08-13 15:39:17,653 - INFO - Checking: 67 Bourke Street VIC
2025-08-13 15:39:34,747 - INFO - + 228 Flinders Lane VIC: Not available (38.102s)
2025-08-13 15:39:34,747 - INFO - Checking: 67 Swanston Street Melbourne VIC 3000
2025-08-13 15:39:55,308 - INFO - + 67 Bourke Street VIC: Not available (37.654s)
2025-08-13 15:40:13,795 - INFO - + 67 Swanston Street Melbourne VIC 3000: Not available (39.047s)
2025-08-13 15:40:13,796 - INFO - Bulk check completed: 28 successful, 0 failed
2025-08-13 15:40:13,796 - INFO - Results saved to results.csv
2025-08-13 15:47:08,188 - INFO - DRY RUN MODE - No actual checking will be performed
2025-08-13 15:47:08,188 - INFO - ====== WebDriver manager ======
2025-08-13 15:47:08,437 - INFO - Get LATEST chromedriver version for google-chrome
2025-08-13 15:47:08,738 - INFO - Get LATEST chromedriver version for google-chrome
2025-08-13 15:47:08,770 - INFO - Driver [/Users/vinayak/.wdm/drivers/chromedriver/mac64/139.0.7258.68/chromedriver-mac-arm64/chromedriver] found in cache
2025-08-13 15:47:08,778 - INFO - Loaded 2048 existing addresses from results.csv
2025-08-13 15:47:08,778 - INFO - Loaded 0 failed addresses for retry
2025-08-13 15:47:08,778 - INFO - Fetching addresses from Melbourne CBD...
2025-08-13 15:47:12,123 - INFO - Found 10 addresses in Melbourne CBD
2025-08-13 15:47:12,123 - INFO - Would check 10 addresses
2025-08-13 15:47:12,123 - INFO -   1. 270 Flinders Street VIC
2025-08-13 15:47:12,123 - INFO -   2. 267 Flinders Lane VIC 3000
2025-08-13 15:47:12,123 - INFO -   3. 205 Collins Street VIC
2025-08-13 15:47:12,123 - INFO -   4. 471 Little Bourke Street Melbourne VIC 3000
2025-08-13 15:47:12,123 - INFO -   5. 630 Little Collins Street Melbourne VIC 3000
2025-08-13 15:47:12,123 - INFO -   6. 287 King Street VIC
2025-08-13 15:47:12,124 - INFO -   7. 600 Little Bourke Street Melbourne VIC 3000
2025-08-13 15:47:12,124 - INFO -   8. 197-199 King Street Melbourne VIC 3000
2025-08-13 15:47:12,124 - INFO -   9. 270 Collins Street VIC
2025-08-13 15:47:12,124 - INFO -   10. 195 Swanston Street Melbourne VIC 3000
2025-08-13 16:40:31,526 - INFO - DRY RUN MODE - No actual checking will be performed
2025-08-13 16:40:31,526 - INFO - ====== WebDriver manager ======
2025-08-13 16:40:31,726 - INFO - Get LATEST chromedriver version for google-chrome
2025-08-13 16:40:31,869 - INFO - Get LATEST chromedriver version for google-chrome
2025-08-13 16:40:31,906 - INFO - Driver [/Users/vinayak/.wdm/drivers/chromedriver/mac64/139.0.7258.68/chromedriver-mac-arm64/chromedriver] found in cache
2025-08-13 16:40:31,913 - INFO - Loaded 2048 existing addresses from results.csv
2025-08-13 16:40:31,913 - INFO - Loaded 0 failed addresses for retry
2025-08-13 16:40:31,914 - INFO - Fetching addresses from Melbourne CBD...
2025-08-13 16:40:35,571 - INFO - Found 100 addresses in Melbourne CBD
2025-08-13 16:40:35,571 - INFO - Would check 100 addresses
2025-08-13 16:40:35,571 - INFO -   1. 270 Flinders Street VIC
2025-08-13 16:40:35,571 - INFO -   2. 267 Flinders Lane VIC 3000
2025-08-13 16:40:35,571 - INFO -   3. 205 Collins Street VIC
2025-08-13 16:40:35,571 - INFO -   4. 471 Little Bourke Street Melbourne VIC 3000
2025-08-13 16:40:35,571 - INFO -   5. 630 Little Collins Street Melbourne VIC 3000
2025-08-13 16:40:35,571 - INFO -   6. 287 King Street VIC
2025-08-13 16:40:35,571 - INFO -   7. 600 Little Bourke Street Melbourne VIC 3000
2025-08-13 16:40:35,571 - INFO -   8. 197-199 King Street Melbourne VIC 3000
2025-08-13 16:40:35,571 - INFO -   9. 270 Collins Street VIC
2025-08-13 16:40:35,571 - INFO -   10. 195 Swanston Street Melbourne VIC 3000
2025-08-13 16:40:35,571 - INFO -   ... and 90 more
2025-08-14 12:09:46,582 - INFO - ====== WebDriver manager ======
2025-08-14 12:09:46,856 - INFO - Get LATEST chromedriver version for google-chrome
2025-08-14 12:09:47,124 - INFO - Get LATEST chromedriver version for google-chrome
2025-08-14 12:09:47,284 - INFO - Driver [/Users/vinayak/.wdm/drivers/chromedriver/mac64/139.0.7258.68/chromedriver-mac-arm64/chromedriver] found in cache
2025-08-14 12:09:47,293 - INFO - Loaded 2048 existing addresses from results.csv
2025-08-14 12:09:47,293 - INFO - Loaded 0 failed addresses for retry
2025-08-14 12:09:47,293 - INFO - Starting bulk 5G availability check for Melbourne CBD
2025-08-14 12:09:47,294 - INFO - Using 2 workers, limit: 300 addresses, batch size: 30
2025-08-14 12:09:47,294 - INFO - Fetching addresses from Melbourne CBD...
2025-08-14 12:09:50,452 - INFO - Found 300 addresses in Melbourne CBD
2025-08-14 12:09:50,452 - INFO - Checking 250 addresses (including 0 retries)
2025-08-14 12:09:50,452 - INFO - Processing batch 1/9 (30 addresses)
2025-08-14 12:09:50,452 - INFO - Checking: 99 Swanston Street VIC
2025-08-14 12:09:50,452 - INFO - Checking: 101 Swanston Street Melbourne VIC 3000
2025-08-14 12:10:30,025 - INFO - + 99 Swanston Street VIC: Not available (39.572s)
2025-08-14 12:10:30,025 - INFO - + 101 Swanston Street Melbourne VIC 3000: Not available (39.571s)
2025-08-14 12:10:30,025 - INFO - Checking: 20 Spring Street East Melbourne VIC 3002
2025-08-14 12:10:30,026 - INFO - Checking: 236 Bourke Street VIC 3000
2025-08-14 12:22:23,551 - INFO - ====== WebDriver manager ======
2025-08-14 12:22:23,816 - INFO - Get LATEST chromedriver version for google-chrome
2025-08-14 12:22:24,219 - INFO - Get LATEST chromedriver version for google-chrome
2025-08-14 12:22:24,390 - INFO - Driver [/Users/vinayak/.wdm/drivers/chromedriver/mac64/139.0.7258.68/chromedriver-mac-arm64/chromedriver] found in cache
2025-08-14 12:22:24,399 - INFO - Loaded 2050 existing addresses from results.csv
2025-08-14 12:22:24,399 - INFO - Loaded 0 failed addresses for retry
2025-08-14 12:22:24,399 - INFO - Starting bulk 5G availability check for Melbourne CBD
2025-08-14 12:22:24,399 - INFO - Using 2 workers, limit: 300 addresses, batch size: 30
2025-08-14 12:22:24,399 - INFO - Fetching addresses from Melbourne CBD...
2025-08-14 12:22:28,357 - INFO - Found 300 addresses in Melbourne CBD
2025-08-14 12:22:28,357 - INFO - Checking 248 addresses (including 0 retries)
2025-08-14 12:22:28,357 - INFO - Processing batch 1/9 (30 addresses)
2025-08-14 12:22:28,357 - INFO - Checking: 20 Spring Street East Melbourne VIC 3002
2025-08-14 12:22:28,357 - INFO - Checking: 236 Bourke Street VIC 3000
2025-08-14 12:23:09,351 - INFO - + 236 Bourke Street VIC 3000: Not available (40.992s)
2025-08-14 12:23:09,352 - INFO - Checking: 235 Little Bourke Street Melbourne VIC 3000
2025-08-14 12:23:09,360 - INFO - + 20 Spring Street East Melbourne VIC 3002: Not available (41.002s)
2025-08-14 12:23:09,360 - INFO - Checking: 209 Little Bourke Street Melbourne VIC 3000
2025-08-14 12:23:48,002 - INFO - + 235 Little Bourke Street Melbourne VIC 3000: Not available (38.649s)
2025-08-14 12:23:48,002 - INFO - Checking: 203 Little Bourke Street VIC 3000
2025-08-14 12:23:48,007 - INFO - + 209 Little Bourke Street Melbourne VIC 3000: Not available (38.646s)
2025-08-14 12:23:48,007 - INFO - Checking: 200 Bourke Street Melbourne VIC 3000
2025-08-14 12:24:27,381 - INFO - + 200 Bourke Street Melbourne VIC 3000: Not available (39.372s)
2025-08-14 12:24:27,382 - INFO - Checking: 206 Bourke Street VIC
2025-08-14 12:24:27,382 - INFO - + 203 Little Bourke Street VIC 3000: Not available (39.379s)
2025-08-14 12:24:27,385 - INFO - Checking: 188 Swanston Street Melbourne VIC 3000
2025-08-14 12:24:40,745 - INFO - + 188 Swanston Street Melbourne VIC 3000: Available (13.359s)
2025-08-14 12:24:40,745 - INFO - Checking: 140 Swanston Street Melbourne VIC 3000
2025-08-14 12:25:05,952 - INFO - + 206 Bourke Street VIC: Not available (38.57s)
2025-08-14 12:25:05,953 - INFO - Checking: 235 Bourke Street Melbourne VIC 3000
2025-08-14 12:25:20,044 - INFO - + 140 Swanston Street Melbourne VIC 3000: Not available (39.298s)
2025-08-14 12:25:20,044 - INFO - Checking: 235-251 Bourke Street Melbourne VIC 3000
2025-08-14 12:25:44,997 - INFO - + 235 Bourke Street Melbourne VIC 3000: Not available (39.043s)
2025-08-14 12:25:44,997 - INFO - Checking: 247 Bourke Street Melbourne VIC 3000
2025-08-14 12:25:57,842 - INFO - + 235-251 Bourke Street Melbourne VIC 3000: Not available (37.797s)
2025-08-14 12:25:57,842 - INFO - Checking: 118 Bourke Street Melbourne VIC 3000
2025-08-14 12:26:11,176 - INFO - + 118 Bourke Street Melbourne VIC 3000: Available (13.332s)
2025-08-14 12:26:11,176 - INFO - Checking: 46 Whiteman Street Southbank VIC 3006
2025-08-14 12:26:22,833 - INFO - + 247 Bourke Street Melbourne VIC 3000: Not available (37.835s)
2025-08-14 12:26:22,834 - INFO - Checking: 28 Clarendon Street Southbank VIC 3006
2025-08-14 12:26:49,759 - INFO - + 46 Whiteman Street Southbank VIC 3006: Not available (38.582s)
2025-08-14 12:26:49,760 - INFO - Checking: 16 Spencer Street Melbourne VIC 3000
2025-08-14 12:27:01,067 - INFO - + 28 Clarendon Street Southbank VIC 3006: Not available (38.232s)
2025-08-14 12:27:01,067 - INFO - Checking: 620 Collins Street Melbourne VIC 3000
2025-08-14 12:27:28,489 - INFO - + 16 Spencer Street Melbourne VIC 3000: Not available (38.729s)
2025-08-14 12:27:28,490 - INFO - Checking: 39 Gisborne Street VIC
2025-08-14 12:27:39,230 - INFO - + 620 Collins Street Melbourne VIC 3000: Not available (38.163s)
2025-08-14 12:27:39,231 - INFO - Checking: 44 Nicholson Street VIC
2025-08-14 12:27:52,759 - INFO - + 44 Nicholson Street VIC: Not available (13.527s)
2025-08-14 12:27:52,759 - INFO - Checking: 235 Exhibition Street Melbourne VIC 3000
2025-08-14 12:28:06,846 - INFO - + 39 Gisborne Street VIC: Not available (38.356s)
2025-08-14 12:28:06,846 - INFO - Checking: 250 Elizabeth Street VIC 3000
2025-08-14 12:28:30,777 - INFO - + 235 Exhibition Street Melbourne VIC 3000: Not available (38.017s)
2025-08-14 12:28:30,777 - INFO - Checking: 94-96 Bourke Street Melbourne VIC 3000
2025-08-14 12:28:45,087 - INFO - + 250 Elizabeth Street VIC 3000: Not available (38.24s)
2025-08-14 12:28:45,088 - INFO - Checking: 226 Flinders Lane VIC
2025-08-14 12:29:09,755 - INFO - + 94-96 Bourke Street Melbourne VIC 3000: Not available (38.977s)
2025-08-14 12:29:09,756 - INFO - Checking: 172 William Street VIC
2025-08-14 12:29:23,872 - INFO - + 226 Flinders Lane VIC: Not available (38.784s)
2025-08-14 12:29:23,872 - INFO - Checking: 17 Market Lane VIC
2025-08-14 12:29:36,828 - INFO - + 17 Market Lane VIC: Not available (12.955s)
2025-08-14 12:29:36,829 - INFO - Checking: 18 Market Lane Melbourne VIC 3000
2025-08-14 12:29:48,811 - INFO - + 172 William Street VIC: Not available (39.055s)
2025-08-14 12:29:48,811 - INFO - Checking: 182 Collins Street VIC
2025-08-14 12:29:49,720 - INFO - + 18 Market Lane Melbourne VIC 3000: Available (12.89s)
2025-08-14 12:29:49,720 - INFO - Checking: 215 Little Collins Street VIC 3000
2025-08-14 12:30:24,647 - WARNING - Retrying (Retry(total=2, connect=None, read=None, redirect=None, status=None)) after connection broken by 'NewConnectionError('<urllib3.connection.HTTPConnection object at 0x103117790>: Failed to establish a new connection: [Errno 61] Connection refused')': /session/979a81a5f72cfc7f601932c95860150e/element
2025-08-14 12:30:24,647 - WARNING - Retrying (Retry(total=2, connect=None, read=None, redirect=None, status=None)) after connection broken by 'NewConnectionError('<urllib3.connection.HTTPConnection object at 0x103115bd0>: Failed to establish a new connection: [Errno 61] Connection refused')': /session/837439cd4a049fc19e20f84bcadaeac7/element
2025-08-14 12:30:24,652 - WARNING - Retrying (Retry(total=1, connect=None, read=None, redirect=None, status=None)) after connection broken by 'NewConnectionError('<urllib3.connection.HTTPConnection object at 0x103125b50>: Failed to establish a new connection: [Errno 61] Connection refused')': /session/979a81a5f72cfc7f601932c95860150e/element
2025-08-14 12:30:24,661 - WARNING - Retrying (Retry(total=1, connect=None, read=None, redirect=None, status=None)) after connection broken by 'NewConnectionError('<urllib3.connection.HTTPConnection object at 0x103124d50>: Failed to establish a new connection: [Errno 61] Connection refused')': /session/837439cd4a049fc19e20f84bcadaeac7/element
2025-08-14 12:30:24,668 - WARNING - Retrying (Retry(total=0, connect=None, read=None, redirect=None, status=None)) after connection broken by 'NewConnectionError('<urllib3.connection.HTTPConnection object at 0x103124d90>: Failed to establish a new connection: [Errno 61] Connection refused')': /session/979a81a5f72cfc7f601932c95860150e/element
2025-08-14 12:30:24,669 - WARNING - Retrying (Retry(total=0, connect=None, read=None, redirect=None, status=None)) after connection broken by 'NewConnectionError('<urllib3.connection.HTTPConnection object at 0x10312ba10>: Failed to establish a new connection: [Errno 61] Connection refused')': /session/837439cd4a049fc19e20f84bcadaeac7/element
2025-08-14 12:30:24,673 - WARNING - Retrying (Retry(total=2, connect=None, read=None, redirect=None, status=None)) after connection broken by 'NewConnectionError('<urllib3.connection.HTTPConnection object at 0x103136690>: Failed to establish a new connection: [Errno 61] Connection refused')': /session/979a81a5f72cfc7f601932c95860150e/element
2025-08-14 12:30:24,674 - WARNING - Retrying (Retry(total=2, connect=None, read=None, redirect=None, status=None)) after connection broken by 'NewConnectionError('<urllib3.connection.HTTPConnection object at 0x103135710>: Failed to establish a new connection: [Errno 61] Connection refused')': /session/837439cd4a049fc19e20f84bcadaeac7/element
2025-08-14 12:30:24,674 - WARNING - Retrying (Retry(total=1, connect=None, read=None, redirect=None, status=None)) after connection broken by 'NewConnectionError('<urllib3.connection.HTTPConnection object at 0x1031354d0>: Failed to establish a new connection: [Errno 61] Connection refused')': /session/979a81a5f72cfc7f601932c95860150e/element
2025-08-14 12:30:24,675 - WARNING - Retrying (Retry(total=1, connect=None, read=None, redirect=None, status=None)) after connection broken by 'NewConnectionError('<urllib3.connection.HTTPConnection object at 0x103135650>: Failed to establish a new connection: [Errno 61] Connection refused')': /session/837439cd4a049fc19e20f84bcadaeac7/element
2025-08-14 12:30:24,675 - WARNING - Retrying (Retry(total=0, connect=None, read=None, redirect=None, status=None)) after connection broken by 'NewConnectionError('<urllib3.connection.HTTPConnection object at 0x103140410>: Failed to establish a new connection: [Errno 61] Connection refused')': /session/979a81a5f72cfc7f601932c95860150e/element
2025-08-14 12:30:24,676 - WARNING - Retrying (Retry(total=0, connect=None, read=None, redirect=None, status=None)) after connection broken by 'NewConnectionError('<urllib3.connection.HTTPConnection object at 0x103140990>: Failed to establish a new connection: [Errno 61] Connection refused')': /session/837439cd4a049fc19e20f84bcadaeac7/element
2025-08-14 12:30:24,680 - WARNING - Retrying (Retry(total=2, connect=None, read=None, redirect=None, status=None)) after connection broken by 'NewConnectionError('<urllib3.connection.HTTPConnection object at 0x103114dd0>: Failed to establish a new connection: [Errno 61] Connection refused')': /session/979a81a5f72cfc7f601932c95860150e
2025-08-14 12:30:24,682 - WARNING - Retrying (Retry(total=1, connect=None, read=None, redirect=None, status=None)) after connection broken by 'NewConnectionError('<urllib3.connection.HTTPConnection object at 0x103114910>: Failed to establish a new connection: [Errno 61] Connection refused')': /session/979a81a5f72cfc7f601932c95860150e
2025-08-14 12:30:24,682 - WARNING - Retrying (Retry(total=2, connect=None, read=None, redirect=None, status=None)) after connection broken by 'NewConnectionError('<urllib3.connection.HTTPConnection object at 0x103117690>: Failed to establish a new connection: [Errno 61] Connection refused')': /session/837439cd4a049fc19e20f84bcadaeac7
2025-08-14 12:30:24,683 - WARNING - Retrying (Retry(total=0, connect=None, read=None, redirect=None, status=None)) after connection broken by 'NewConnectionError('<urllib3.connection.HTTPConnection object at 0x103112290>: Failed to establish a new connection: [Errno 61] Connection refused')': /session/979a81a5f72cfc7f601932c95860150e
2025-08-14 12:30:24,684 - WARNING - Retrying (Retry(total=1, connect=None, read=None, redirect=None, status=None)) after connection broken by 'NewConnectionError('<urllib3.connection.HTTPConnection object at 0x103113e90>: Failed to establish a new connection: [Errno 61] Connection refused')': /session/837439cd4a049fc19e20f84bcadaeac7
2025-08-14 12:30:24,686 - INFO - + 182 Collins Street VIC: Not available (35.872s)
2025-08-14 12:30:24,686 - INFO - Checking: 42-44 Russell Street Melbourne VIC 3000
2025-08-14 12:30:24,692 - WARNING - Retrying (Retry(total=0, connect=None, read=None, redirect=None, status=None)) after connection broken by 'NewConnectionError('<urllib3.connection.HTTPConnection object at 0x103112890>: Failed to establish a new connection: [Errno 61] Connection refused')': /session/837439cd4a049fc19e20f84bcadaeac7
2025-08-14 12:30:24,695 - INFO - + 215 Little Collins Street VIC 3000: Not available (34.973s)
2025-08-14 12:30:24,695 - INFO - Checking: 162 Collins Street VIC 3000
2025-08-14 12:30:24,794 - INFO - Bulk check interrupted by user
2025-08-14 12:30:24,795 - ERROR - Unexpected error checking 42-44 Russell Street Melbourne VIC 3000: ('Connection aborted.', RemoteDisconnected('Remote end closed connection without response'))
2025-08-14 12:30:24,795 - ERROR - Unexpected error checking 162 Collins Street VIC 3000: ('Connection aborted.', RemoteDisconnected('Remote end closed connection without response'))
